-------------------------------------------------------------------------------
Test set: TestSuite
-------------------------------------------------------------------------------
Tests run: 9, Failures: 1, Errors: 0, Skipped: 0, Time elapsed: 49.42 s <<< FAILURE! - in TestSuite
com.amazon.test.LandingPageTest.testsignIn  Time elapsed: 0.809 s  <<< FAILURE!
java.lang.AssertionError: expected [https://www.amazon.com/ap/ignin?] but found [https://www.amazon.com/ap/signin?]
	at com.amazon.test.LandingPageTest.testsignIn(LandingPageTest.java:66)

